<!--NOTE: File not ignored only to present results-->


<?xml version="1.0" encoding="UTF-8"?>
<testsuite xmlns:xsi="http://www.w3.org/2001/XMLSchema-instance" xsi:noNamespaceSchemaLocation="https://maven.apache.org/surefire/maven-surefire-plugin/xsd/surefire-test-report-3.0.xsd" version="3.0" name="runner.testRunner" time="29.422" tests="41" errors="0" skipped="0" failures="0">
  <properties>
[...]
</properties>
  <testcase name="I want to test a blockchain page" classname="Verify Blockchain Hash is correct for the first 5 blocks started from the block number 15" time="0.001">
    <system-err><![CDATA[Starting ChromeDriver 97.0.4692.71 (adefa7837d02a07a604c1e6eff0b3a09422ab88d-refs/branch-heads/4692@{#1247}) on port 16242
Only local connections are allowed.
Please see https://chromedriver.chromium.org/security-considerations for suggestions on keeping ChromeDriver safe.
ChromeDriver was started successfully.
feb 05, 2022 6:15:14 P.M. org.openqa.selenium.remote.ProtocolHandshake createSession
INFORMACIÓN: Detected dialect: W3C
]]></system-err>
  </testcase>
  <testcase name="I open the endpoint &quot;https://api.blockcypher.com/v1/btc/main/blocks/&quot; for block number &quot;15&quot;" classname="Verify Blockchain Hash is correct for the first 5 blocks started from the block number 15" time="1.965">
    <system-out><![CDATA[&amp#27;[32m.&amp#27;[0m]]></system-out>
  </testcase>
  <testcase name="I save the prev_block and the hash for the next 5 blocks using the same endpoint &quot;https://api.blockcypher.com/v1/btc/main/blocks/&quot;" classname="Verify Blockchain Hash is correct for the first 5 blocks started from the block number 15" time="1.759">
    <system-out><![CDATA[&amp#27;[32m.&amp#27;[0m]]></system-out>
  </testcase>
  <testcase name="I verify that each hash for a block is equal to the prev_block of the next block" classname="Verify Blockchain Hash is correct for the first 5 blocks started from the block number 15" time="0.001">
    <system-out><![CDATA[&amp#27;[32m.&amp#27;[0m]]></system-out>
  </testcase>
  <testcase name="" classname="Verify Blockchain Hash is correct for the first 5 blocks started from the block number 15" time="1.517">
    <system-out><![CDATA[&amp#27;[32m.&amp#27;[0m]]></system-out>
  </testcase>
  <testcase name="I want to test a blockchain page" classname="Verify Blockchain Hash is correct for the first 5 blocks started from the block number 15 #2" time="0">
    <system-err><![CDATA[Starting ChromeDriver 97.0.4692.71 (adefa7837d02a07a604c1e6eff0b3a09422ab88d-refs/branch-heads/4692@{#1247}) on port 18684
Only local connections are allowed.
Please see https://chromedriver.chromium.org/security-considerations for suggestions on keeping ChromeDriver safe.
ChromeDriver was started successfully.
feb 05, 2022 6:15:23 P.M. org.openqa.selenium.remote.ProtocolHandshake createSession
INFORMACIÓN: Detected dialect: W3C
]]></system-err>
  </testcase>
  <testcase name="I open the endpoint &quot;https://api.blockcypher.com/v1/btc/main/blocks/&quot; for block number &quot;15&quot;" classname="Verify Blockchain Hash is correct for the first 5 blocks started from the block number 15 #2" time="2.06">
    <system-out><![CDATA[&amp#27;[32m.&amp#27;[0m]]></system-out>
  </testcase>
  <testcase name="I save the value from the &quot;hash&quot; key in session" classname="Verify Blockchain Hash is correct for the first 5 blocks started from the block number 15 #2" time="0.063">
    <system-out><![CDATA[&amp#27;[32m.&amp#27;[0msaved (Key: hash = 00000000b3322c8c3ef7d2cf6da009a776e6a99ee65ec5a32f3f345712238473
]]></system-out>
  </testcase>
  <testcase name="I save the value from the &quot;hash&quot; key in session" classname="Verify Blockchain Hash is correct for the first 5 blocks started from the block number 15 #2" time="0.066">
    <system-out><![CDATA[&amp#27;[32m.&amp#27;[0msaved (Key: hash = 00000000174a25bb399b009cc8deff1c4b3ea84df7e93affaaf60dc3416cc4f5
]]></system-out>
  </testcase>
  <testcase name="I save the value from the &quot;hash&quot; key in session" classname="Verify Blockchain Hash is correct for the first 5 blocks started from the block number 15 #2" time="0.036">
    <system-out><![CDATA[&amp#27;[32m.&amp#27;[0msaved (Key: hash = 000000003ff1d0d70147acfbef5d6a87460ff5bcfce807c2d5b6f0a66bfdf809
]]></system-out>
  </testcase>
  <testcase name="I save the value from the &quot;hash&quot; key in session" classname="Verify Blockchain Hash is correct for the first 5 blocks started from the block number 15 #2" time="0.05">
    <system-out><![CDATA[&amp#27;[32m.&amp#27;[0msaved (Key: hash = 000000008693e98cf893e4c85a446b410bb4dfa129bd1be582c09ed3f0261116
]]></system-out>
  </testcase>
  <testcase name="I save the value from the &quot;hash&quot; key in session" classname="Verify Blockchain Hash is correct for the first 5 blocks started from the block number 15 #2" time="0.047">
    <system-out><![CDATA[&amp#27;[32m.&amp#27;[0msaved (Key: hash = 00000000841cb802ca97cf20fb9470480cae9e5daa5d06b4a18ae2d5dd7f186f
]]></system-out>
  </testcase>
  <testcase name="I open the endpoint &quot;https://api.blockcypher.com/v1/btc/main/blocks/&quot; for block number &quot;16&quot;" classname="Verify Blockchain Hash is correct for the first 5 blocks started from the block number 15 #2" time="0.147">
    <system-out><![CDATA[&amp#27;[32m.&amp#27;[0m]]></system-out>
  </testcase>
  <testcase name="the current &quot;prev_block&quot; key is equal to the value from session &quot;hash&quot;" classname="Verify Blockchain Hash is correct for the first 5 blocks started from the block number 15 #2" time="0.049">
    <system-out><![CDATA[&amp#27;[32m.&amp#27;[0mcurrentValue 00000000b3322c8c3ef7d2cf6da009a776e6a99ee65ec5a32f3f345712238473is equal to 00000000b3322c8c3ef7d2cf6da009a776e6a99ee65ec5a32f3f345712238473
]]></system-out>
  </testcase>
  <testcase name="the current &quot;prev_block&quot; key is equal to the value from session &quot;hash&quot;" classname="Verify Blockchain Hash is correct for the first 5 blocks started from the block number 15 #2" time="0.039">
    <system-out><![CDATA[&amp#27;[32m.&amp#27;[0mcurrentValue 00000000174a25bb399b009cc8deff1c4b3ea84df7e93affaaf60dc3416cc4f5is equal to 00000000174a25bb399b009cc8deff1c4b3ea84df7e93affaaf60dc3416cc4f5
]]></system-out>
  </testcase>
  <testcase name="the current &quot;prev_block&quot; key is equal to the value from session &quot;hash&quot;" classname="Verify Blockchain Hash is correct for the first 5 blocks started from the block number 15 #2" time="0.046">
    <system-out><![CDATA[&amp#27;[32m.&amp#27;[0mcurrentValue 000000003ff1d0d70147acfbef5d6a87460ff5bcfce807c2d5b6f0a66bfdf809is equal to 000000003ff1d0d70147acfbef5d6a87460ff5bcfce807c2d5b6f0a66bfdf809
]]></system-out>
  </testcase>
  <testcase name="the current &quot;prev_block&quot; key is equal to the value from session &quot;hash&quot;" classname="Verify Blockchain Hash is correct for the first 5 blocks started from the block number 15 #2" time="0.074">
    <system-out><![CDATA[&amp#27;[32m.&amp#27;[0mcurrentValue 000000008693e98cf893e4c85a446b410bb4dfa129bd1be582c09ed3f0261116is equal to 000000008693e98cf893e4c85a446b410bb4dfa129bd1be582c09ed3f0261116
]]></system-out>
  </testcase>
  <testcase name="the current &quot;prev_block&quot; key is equal to the value from session &quot;hash&quot;" classname="Verify Blockchain Hash is correct for the first 5 blocks started from the block number 15 #2" time="0.043">
    <system-out><![CDATA[&amp#27;[32m.&amp#27;[0mcurrentValue 00000000841cb802ca97cf20fb9470480cae9e5daa5d06b4a18ae2d5dd7f186fis equal to 00000000841cb802ca97cf20fb9470480cae9e5daa5d06b4a18ae2d5dd7f186f
]]></system-out>
  </testcase>
  <testcase name="I open the endpoint &quot;https://api.blockcypher.com/v1/btc/main/blocks/&quot; for block number &quot;17&quot;" classname="Verify Blockchain Hash is correct for the first 5 blocks started from the block number 15 #2" time="0.139">
    <system-out><![CDATA[&amp#27;[32m.&amp#27;[0m]]></system-out>
  </testcase>
  <testcase name="I open the endpoint &quot;https://api.blockcypher.com/v1/btc/main/blocks/&quot; for block number &quot;18&quot;" classname="Verify Blockchain Hash is correct for the first 5 blocks started from the block number 15 #2" time="0.397">
    <system-out><![CDATA[&amp#27;[32m.&amp#27;[0m]]></system-out>
  </testcase>
  <testcase name="I open the endpoint &quot;https://api.blockcypher.com/v1/btc/main/blocks/&quot; for block number &quot;19&quot;" classname="Verify Blockchain Hash is correct for the first 5 blocks started from the block number 15 #2" time="0.177">
    <system-out><![CDATA[&amp#27;[32m.&amp#27;[0m]]></system-out>
  </testcase>
  <testcase name="I open the endpoint &quot;https://api.blockcypher.com/v1/btc/main/blocks/&quot; for block number &quot;20&quot;" classname="Verify Blockchain Hash is correct for the first 5 blocks started from the block number 15 #2" time="0.154">
    <system-out><![CDATA[&amp#27;[32m.&amp#27;[0m]]></system-out>
  </testcase>
  <testcase name="" classname="Verify Blockchain Hash is correct for the first 5 blocks started from the block number 15 #2" time="1.558">
    <system-out><![CDATA[&amp#27;[32m.&amp#27;[0m]]></system-out>
  </testcase>
  <testcase name="I want to test a blockchain page" classname="Verify Blockchain Hash is correct for the previous 5 blocks started from the block number 15" time="0">
    <system-err><![CDATA[Starting ChromeDriver 97.0.4692.71 (adefa7837d02a07a604c1e6eff0b3a09422ab88d-refs/branch-heads/4692@{#1247}) on port 8805
Only local connections are allowed.
Please see https://chromedriver.chromium.org/security-considerations for suggestions on keeping ChromeDriver safe.
ChromeDriver was started successfully.
feb 05, 2022 6:15:32 P.M. org.openqa.selenium.remote.ProtocolHandshake createSession
INFORMACIÓN: Detected dialect: W3C
]]></system-err>
  </testcase>
  <testcase name="I open the endpoint &quot;https://api.blockcypher.com/v1/btc/main/blocks/&quot; for block number &quot;15&quot;" classname="Verify Blockchain Hash is correct for the previous 5 blocks started from the block number 15" time="2.069">
    <system-out><![CDATA[&amp#27;[32m.&amp#27;[0m]]></system-out>
  </testcase>
  <testcase name="I save the value from the &quot;prev_block&quot; key in session" classname="Verify Blockchain Hash is correct for the previous 5 blocks started from the block number 15" time="0.071">
    <system-out><![CDATA[&amp#27;[32m.&amp#27;[0msaved (Key: prev_block = 0000000080f17a0c5a67f663a9bc9969eb37e81666d9321125f0e293656f8a37
]]></system-out>
  </testcase>
  <testcase name="I save the value from the &quot;prev_block&quot; key in session" classname="Verify Blockchain Hash is correct for the previous 5 blocks started from the block number 15" time="0.037">
    <system-out><![CDATA[&amp#27;[32m.&amp#27;[0msaved (Key: prev_block = 000000005c51de2031a895adc145ee2242e919a01c6d61fb222a54a54b4d3089
]]></system-out>
  </testcase>
  <testcase name="I save the value from the &quot;prev_block&quot; key in session" classname="Verify Blockchain Hash is correct for the previous 5 blocks started from the block number 15" time="0.038">
    <system-out><![CDATA[&amp#27;[32m.&amp#27;[0msaved (Key: prev_block = 0000000027c2488e2510d1acf4369787784fa20ee084c258b58d9fbd43802b5e
]]></system-out>
  </testcase>
  <testcase name="I save the value from the &quot;prev_block&quot; key in session" classname="Verify Blockchain Hash is correct for the previous 5 blocks started from the block number 15" time="0.03">
    <system-out><![CDATA[&amp#27;[32m.&amp#27;[0msaved (Key: prev_block = 0000000097be56d606cdd9c54b04d4747e957d3608abe69198c661f2add73073
]]></system-out>
  </testcase>
  <testcase name="I save the value from the &quot;prev_block&quot; key in session" classname="Verify Blockchain Hash is correct for the previous 5 blocks started from the block number 15" time="0.031">
    <system-out><![CDATA[&amp#27;[32m.&amp#27;[0msaved (Key: prev_block = 000000002c05cc2e78923c34df87fd108b22221ac6076c18f3ade378a4d915e9
]]></system-out>
  </testcase>
  <testcase name="I open the endpoint &quot;https://api.blockcypher.com/v1/btc/main/blocks/&quot; for block number &quot;14&quot;" classname="Verify Blockchain Hash is correct for the previous 5 blocks started from the block number 15" time="0.322">
    <system-out><![CDATA[&amp#27;[32m.&amp#27;[0m]]></system-out>
  </testcase>
  <testcase name="the current &quot;hash&quot; key is equal to the value from session &quot;prev_block&quot;" classname="Verify Blockchain Hash is correct for the previous 5 blocks started from the block number 15" time="0.037">
    <system-out><![CDATA[&amp#27;[32m.&amp#27;[0mcurrentValue 0000000080f17a0c5a67f663a9bc9969eb37e81666d9321125f0e293656f8a37is equal to 0000000080f17a0c5a67f663a9bc9969eb37e81666d9321125f0e293656f8a37
]]></system-out>
  </testcase>
  <testcase name="the current &quot;hash&quot; key is equal to the value from session &quot;prev_block&quot;" classname="Verify Blockchain Hash is correct for the previous 5 blocks started from the block number 15" time="0.042">
    <system-out><![CDATA[&amp#27;[32m.&amp#27;[0mcurrentValue 000000005c51de2031a895adc145ee2242e919a01c6d61fb222a54a54b4d3089is equal to 000000005c51de2031a895adc145ee2242e919a01c6d61fb222a54a54b4d3089
]]></system-out>
  </testcase>
  <testcase name="the current &quot;hash&quot; key is equal to the value from session &quot;prev_block&quot;" classname="Verify Blockchain Hash is correct for the previous 5 blocks started from the block number 15" time="0.049">
    <system-out><![CDATA[&amp#27;[32m.&amp#27;[0mcurrentValue 0000000027c2488e2510d1acf4369787784fa20ee084c258b58d9fbd43802b5eis equal to 0000000027c2488e2510d1acf4369787784fa20ee084c258b58d9fbd43802b5e
]]></system-out>
  </testcase>
  <testcase name="the current &quot;hash&quot; key is equal to the value from session &quot;prev_block&quot;" classname="Verify Blockchain Hash is correct for the previous 5 blocks started from the block number 15" time="0.054">
    <system-out><![CDATA[&amp#27;[32m.&amp#27;[0mcurrentValue 0000000097be56d606cdd9c54b04d4747e957d3608abe69198c661f2add73073is equal to 0000000097be56d606cdd9c54b04d4747e957d3608abe69198c661f2add73073
]]></system-out>
  </testcase>
  <testcase name="the current &quot;hash&quot; key is equal to the value from session &quot;prev_block&quot;" classname="Verify Blockchain Hash is correct for the previous 5 blocks started from the block number 15" time="0.043">
    <system-out><![CDATA[&amp#27;[32m.&amp#27;[0mcurrentValue 000000002c05cc2e78923c34df87fd108b22221ac6076c18f3ade378a4d915e9is equal to 000000002c05cc2e78923c34df87fd108b22221ac6076c18f3ade378a4d915e9
]]></system-out>
  </testcase>
  <testcase name="I open the endpoint &quot;https://api.blockcypher.com/v1/btc/main/blocks/&quot; for block number &quot;13&quot;" classname="Verify Blockchain Hash is correct for the previous 5 blocks started from the block number 15" time="0.403">
    <system-out><![CDATA[&amp#27;[32m.&amp#27;[0m]]></system-out>
  </testcase>
  <testcase name="I open the endpoint &quot;https://api.blockcypher.com/v1/btc/main/blocks/&quot; for block number &quot;12&quot;" classname="Verify Blockchain Hash is correct for the previous 5 blocks started from the block number 15" time="0.452">
    <system-out><![CDATA[&amp#27;[32m.&amp#27;[0m]]></system-out>
  </testcase>
  <testcase name="I open the endpoint &quot;https://api.blockcypher.com/v1/btc/main/blocks/&quot; for block number &quot;11&quot;" classname="Verify Blockchain Hash is correct for the previous 5 blocks started from the block number 15" time="0.401">
    <system-out><![CDATA[&amp#27;[32m.&amp#27;[0m]]></system-out>
  </testcase>
  <testcase name="I open the endpoint &quot;https://api.blockcypher.com/v1/btc/main/blocks/&quot; for block number &quot;10&quot;" classname="Verify Blockchain Hash is correct for the previous 5 blocks started from the block number 15" time="0.145">
    <system-out><![CDATA[&amp#27;[32m.&amp#27;[0m]]></system-out>
  </testcase>
  <testcase name="" classname="Verify Blockchain Hash is correct for the previous 5 blocks started from the block number 15" time="1.219">
    <system-out><![CDATA[&amp#27;[32m.&amp#27;[0m]]></system-out>
  </testcase>
</testsuite>